<?xml version="1.0" encoding="UTF-8"?>
<testng-results ignored="0" total="5" passed="4" failed="1" skipped="0">
  <reporter-output>
  </reporter-output>
  <suite started-at="2023-08-24T18:36:52 IST" name="Suite" finished-at="2023-08-24T18:37:59 IST" duration-ms="67306">
    <groups>
    </groups>
    <test started-at="2023-08-24T18:36:52 IST" name="Test" finished-at="2023-08-24T18:37:59 IST" duration-ms="67306">
      <class name="testCases.TC_001_Login_Test">
        <test-method is-config="true" signature="setup()[pri:0, instance:testCases.TC_001_Login_Test@66982506]" started-at="2023-08-24T18:36:52 IST" name="setup" finished-at="2023-08-24T18:37:07 IST" duration-ms="14099" status="PASS">
          <reporter-output>
          </reporter-output>
        </test-method> <!-- setup -->
        <test-method signature="test_login()[pri:0, instance:testCases.TC_001_Login_Test@66982506]" started-at="2023-08-24T18:37:07 IST" name="test_login" finished-at="2023-08-24T18:37:16 IST" duration-ms="9437" status="FAIL">
          <exception class="java.lang.AssertionError">
            <message>
              <![CDATA[Not getting expected title expected [Pixis AIi] but found [Pixis AI]]]>
            </message>
            <full-stacktrace>
              <![CDATA[java.lang.AssertionError: Not getting expected title expected [Pixis AIi] but found [Pixis AI]
at org.testng.Assert.fail(Assert.java:99)
at org.testng.Assert.failNotEquals(Assert.java:1037)
at org.testng.Assert.assertEqualsImpl(Assert.java:140)
at org.testng.Assert.assertEquals(Assert.java:122)
at org.testng.Assert.assertEquals(Assert.java:629)
at testCases.TC_001_Login_Test.test_login(TC_001_Login_Test.java:42)
at java.base/jdk.internal.reflect.NativeMethodAccessorImpl.invoke0(Native Method)
at java.base/jdk.internal.reflect.NativeMethodAccessorImpl.invoke(NativeMethodAccessorImpl.java:77)
at java.base/jdk.internal.reflect.DelegatingMethodAccessorImpl.invoke(DelegatingMethodAccessorImpl.java:43)
at java.base/java.lang.reflect.Method.invoke(Method.java:568)
at org.testng.internal.MethodInvocationHelper.invokeMethod(MethodInvocationHelper.java:133)
at org.testng.internal.TestInvoker.invokeMethod(TestInvoker.java:598)
at org.testng.internal.TestInvoker.invokeTestMethod(TestInvoker.java:173)
at org.testng.internal.MethodRunner.runInSequence(MethodRunner.java:46)
at org.testng.internal.TestInvoker$MethodInvocationAgent.invoke(TestInvoker.java:824)
at org.testng.internal.TestInvoker.invokeTestMethods(TestInvoker.java:146)
at org.testng.internal.TestMethodWorker.invokeTestMethods(TestMethodWorker.java:146)
at org.testng.internal.TestMethodWorker.run(TestMethodWorker.java:128)
at java.base/java.util.ArrayList.forEach(ArrayList.java:1511)
at org.testng.TestRunner.privateRun(TestRunner.java:794)
at org.testng.TestRunner.run(TestRunner.java:596)
at org.testng.SuiteRunner.runTest(SuiteRunner.java:377)
at org.testng.SuiteRunner.runSequentially(SuiteRunner.java:371)
at org.testng.SuiteRunner.privateRun(SuiteRunner.java:332)
at org.testng.SuiteRunner.run(SuiteRunner.java:276)
at org.testng.SuiteRunnerWorker.runSuite(SuiteRunnerWorker.java:53)
at org.testng.SuiteRunnerWorker.run(SuiteRunnerWorker.java:96)
at org.testng.TestNG.runSuitesSequentially(TestNG.java:1212)
at org.testng.TestNG.runSuitesLocally(TestNG.java:1134)
at org.testng.TestNG.runSuites(TestNG.java:1063)
at org.testng.TestNG.run(TestNG.java:1031)
at org.testng.remote.AbstractRemoteTestNG.run(AbstractRemoteTestNG.java:115)
at org.testng.remote.RemoteTestNG.initAndRun(RemoteTestNG.java:251)
at org.testng.remote.RemoteTestNG.main(RemoteTestNG.java:77)
]]>
            </full-stacktrace>
          </exception> <!-- java.lang.AssertionError -->
          <reporter-output>
          </reporter-output>
        </test-method> <!-- test_login -->
        <test-method is-config="true" signature="tearDown()[pri:0, instance:testCases.TC_001_Login_Test@66982506]" started-at="2023-08-24T18:37:17 IST" name="tearDown" finished-at="2023-08-24T18:37:18 IST" duration-ms="983" status="PASS">
          <reporter-output>
          </reporter-output>
        </test-method> <!-- tearDown -->
      </class> <!-- testCases.TC_001_Login_Test -->
      <class name="testCases.TC_002_Login_Test">
        <test-method is-config="true" signature="setup()[pri:0, instance:testCases.TC_002_Login_Test@4d1bf319]" started-at="2023-08-24T18:37:18 IST" name="setup" finished-at="2023-08-24T18:37:28 IST" duration-ms="10368" status="PASS">
          <reporter-output>
          </reporter-output>
        </test-method> <!-- setup -->
        <test-method signature="test_login()[pri:0, instance:testCases.TC_002_Login_Test@4d1bf319]" started-at="2023-08-24T18:37:28 IST" name="test_login" finished-at="2023-08-24T18:37:29 IST" duration-ms="514" status="PASS">
          <reporter-output>
          </reporter-output>
        </test-method> <!-- test_login -->
        <test-method is-config="true" signature="tearDown()[pri:0, instance:testCases.TC_002_Login_Test@4d1bf319]" started-at="2023-08-24T18:37:29 IST" name="tearDown" finished-at="2023-08-24T18:37:29 IST" duration-ms="569" status="PASS">
          <reporter-output>
          </reporter-output>
        </test-method> <!-- tearDown -->
      </class> <!-- testCases.TC_002_Login_Test -->
      <class name="testCases.TC_005_Login_Test">
        <test-method is-config="true" signature="setup()[pri:0, instance:testCases.TC_005_Login_Test@7d900ecf]" started-at="2023-08-24T18:37:50 IST" name="setup" finished-at="2023-08-24T18:37:58 IST" duration-ms="8199" status="PASS">
          <reporter-output>
          </reporter-output>
        </test-method> <!-- setup -->
        <test-method signature="test_login()[pri:0, instance:testCases.TC_005_Login_Test@7d900ecf]" started-at="2023-08-24T18:37:58 IST" name="test_login" finished-at="2023-08-24T18:37:59 IST" duration-ms="143" status="PASS">
          <reporter-output>
          </reporter-output>
        </test-method> <!-- test_login -->
        <test-method is-config="true" signature="tearDown()[pri:0, instance:testCases.TC_005_Login_Test@7d900ecf]" started-at="2023-08-24T18:37:59 IST" name="tearDown" finished-at="2023-08-24T18:37:59 IST" duration-ms="557" status="PASS">
          <reporter-output>
          </reporter-output>
        </test-method> <!-- tearDown -->
      </class> <!-- testCases.TC_005_Login_Test -->
      <class name="testCases.TC_003_Login_Test">
        <test-method is-config="true" signature="setup()[pri:0, instance:testCases.TC_003_Login_Test@6f53b8a]" started-at="2023-08-24T18:37:29 IST" name="setup" finished-at="2023-08-24T18:37:38 IST" duration-ms="8648" status="PASS">
          <reporter-output>
          </reporter-output>
        </test-method> <!-- setup -->
        <test-method signature="test_login()[pri:0, instance:testCases.TC_003_Login_Test@6f53b8a]" started-at="2023-08-24T18:37:38 IST" name="test_login" finished-at="2023-08-24T18:37:39 IST" duration-ms="587" status="PASS">
          <reporter-output>
          </reporter-output>
        </test-method> <!-- test_login -->
        <test-method is-config="true" signature="tearDown()[pri:0, instance:testCases.TC_003_Login_Test@6f53b8a]" started-at="2023-08-24T18:37:39 IST" name="tearDown" finished-at="2023-08-24T18:37:39 IST" duration-ms="668" status="PASS">
          <reporter-output>
          </reporter-output>
        </test-method> <!-- tearDown -->
      </class> <!-- testCases.TC_003_Login_Test -->
      <class name="testCases.TC_004_Login_Test">
        <test-method is-config="true" signature="setup()[pri:0, instance:testCases.TC_004_Login_Test@5c80cf32]" started-at="2023-08-24T18:37:39 IST" name="setup" finished-at="2023-08-24T18:37:49 IST" duration-ms="9864" status="PASS">
          <reporter-output>
          </reporter-output>
        </test-method> <!-- setup -->
        <test-method signature="test_login()[pri:0, instance:testCases.TC_004_Login_Test@5c80cf32]" started-at="2023-08-24T18:37:49 IST" name="test_login" finished-at="2023-08-24T18:37:50 IST" duration-ms="463" status="PASS">
          <reporter-output>
          </reporter-output>
        </test-method> <!-- test_login -->
        <test-method is-config="true" signature="tearDown()[pri:0, instance:testCases.TC_004_Login_Test@5c80cf32]" started-at="2023-08-24T18:37:50 IST" name="tearDown" finished-at="2023-08-24T18:37:50 IST" duration-ms="634" status="PASS">
          <reporter-output>
          </reporter-output>
        </test-method> <!-- tearDown -->
      </class> <!-- testCases.TC_004_Login_Test -->
    </test> <!-- Test -->
  </suite> <!-- Suite -->
</testng-results>
